<?xml version="1.0" encoding="UTF-8"?>
<robot generator="Robot 4.1.3 (Python 3.8.0 on win32)" generated="20220324 16:10:21.569" rpa="false" schemaversion="2">
<suite id="s1" name="loginFeatureTest" source="C:\Users\user\Desktop\Dojobox\saucedemo_login\Test_Case\loginFeatureTest.robot">
<test id="s1-t1" name="Login with invalid username and invalid password">
<kw name="Open Browser Chrome" library="loginKeywords" type="SETUP">
<kw name="Open Browser" library="SeleniumLibrary">
<arg>browser=chrome</arg>
<doc>Opens a new browser instance to the optional ``url``.</doc>
<msg timestamp="20220324 16:10:21.913" level="INFO">Opening browser 'chrome' to base url 'None'.</msg>
<status status="PASS" starttime="20220324 16:10:21.913" endtime="20220324 16:10:23.482"/>
</kw>
<kw name="Maximize Browser Window" library="SeleniumLibrary">
<doc>Maximizes current browser window.</doc>
<status status="PASS" starttime="20220324 16:10:23.482" endtime="20220324 16:10:23.613"/>
</kw>
<status status="PASS" starttime="20220324 16:10:21.913" endtime="20220324 16:10:23.614"/>
</kw>
<kw name="Go To SwagLab Page" library="loginKeywords">
<kw name="Go To" library="SeleniumLibrary">
<arg>${login_url}</arg>
<doc>Navigates the current browser window to the provided ``url``.</doc>
<msg timestamp="20220324 16:10:23.616" level="INFO">Opening url 'https://saucedemo.com/'</msg>
<status status="PASS" starttime="20220324 16:10:23.616" endtime="20220324 16:10:24.615"/>
</kw>
<status status="PASS" starttime="20220324 16:10:23.615" endtime="20220324 16:10:24.616"/>
</kw>
<kw name="Input Username" library="loginKeywords">
<arg>${userName.invalid}</arg>
<kw name="Input Text" library="SeleniumLibrary">
<arg>${username_textbox}</arg>
<arg>${username}</arg>
<doc>Types the given ``text`` into the text field identified by ``locator``.</doc>
<msg timestamp="20220324 16:10:24.619" level="INFO">Typing text 'standarduser' into text field '//input[@id="user-name"]'.</msg>
<status status="PASS" starttime="20220324 16:10:24.618" endtime="20220324 16:10:24.807"/>
</kw>
<status status="PASS" starttime="20220324 16:10:24.617" endtime="20220324 16:10:24.807"/>
</kw>
<kw name="Input Password" library="loginKeywords">
<arg>${passWord.invalid}</arg>
<kw name="Input Text" library="SeleniumLibrary">
<arg>${password_textbox}</arg>
<arg>${password}</arg>
<doc>Types the given ``text`` into the text field identified by ``locator``.</doc>
<msg timestamp="20220324 16:10:24.811" level="INFO">Typing text 'secretsauce' into text field '//input[@id="password"]'.</msg>
<status status="PASS" starttime="20220324 16:10:24.810" endtime="20220324 16:10:24.960"/>
</kw>
<status status="PASS" starttime="20220324 16:10:24.808" endtime="20220324 16:10:24.960"/>
</kw>
<kw name="Click Login Button" library="loginKeywords">
<kw name="Click Element" library="SeleniumLibrary">
<arg>${login_button}</arg>
<doc>Click the element identified by ``locator``.</doc>
<msg timestamp="20220324 16:10:24.962" level="INFO">Clicking element '//input[@id="login-button"]'.</msg>
<status status="PASS" starttime="20220324 16:10:24.962" endtime="20220324 16:10:25.040"/>
</kw>
<status status="PASS" starttime="20220324 16:10:24.961" endtime="20220324 16:10:25.041"/>
</kw>
<kw name="Show Error Not Found User Message" library="loginKeywords">
<kw name="Element Text Should Be" library="SeleniumLibrary">
<arg>${error_message}</arg>
<arg>Epic sadface: Username and password do not match any user in this service</arg>
<doc>Verifies that element ``locator`` contains exact the text ``expected``.</doc>
<msg timestamp="20220324 16:10:25.043" level="INFO">Verifying element '//div[@class="error-message-container error"]' contains exact text 'Epic sadface: Username and password do not match any user in this service'.</msg>
<status status="PASS" starttime="20220324 16:10:25.042" endtime="20220324 16:10:25.082"/>
</kw>
<status status="PASS" starttime="20220324 16:10:25.041" endtime="20220324 16:10:25.083"/>
</kw>
<kw name="Close Browser" library="SeleniumLibrary" type="TEARDOWN">
<doc>Closes the current browser.</doc>
<status status="PASS" starttime="20220324 16:10:25.083" endtime="20220324 16:10:27.283"/>
</kw>
<tag>Negative Test</tag>
<status status="PASS" starttime="20220324 16:10:21.913" endtime="20220324 16:10:27.283"/>
</test>
<test id="s1-t2" name="Login with valid username and invalid password">
<kw name="Open Browser Chrome" library="loginKeywords" type="SETUP">
<kw name="Open Browser" library="SeleniumLibrary">
<arg>browser=chrome</arg>
<doc>Opens a new browser instance to the optional ``url``.</doc>
<msg timestamp="20220324 16:10:27.283" level="INFO">Opening browser 'chrome' to base url 'None'.</msg>
<status status="PASS" starttime="20220324 16:10:27.283" endtime="20220324 16:10:28.811"/>
</kw>
<kw name="Maximize Browser Window" library="SeleniumLibrary">
<doc>Maximizes current browser window.</doc>
<status status="PASS" starttime="20220324 16:10:28.811" endtime="20220324 16:10:28.948"/>
</kw>
<status status="PASS" starttime="20220324 16:10:27.283" endtime="20220324 16:10:28.949"/>
</kw>
<kw name="Go To SwagLab Page" library="loginKeywords">
<kw name="Go To" library="SeleniumLibrary">
<arg>${login_url}</arg>
<doc>Navigates the current browser window to the provided ``url``.</doc>
<msg timestamp="20220324 16:10:28.950" level="INFO">Opening url 'https://saucedemo.com/'</msg>
<status status="PASS" starttime="20220324 16:10:28.950" endtime="20220324 16:10:29.595"/>
</kw>
<status status="PASS" starttime="20220324 16:10:28.949" endtime="20220324 16:10:29.595"/>
</kw>
<kw name="Input Username" library="loginKeywords">
<arg>${userNames}[1]</arg>
<kw name="Input Text" library="SeleniumLibrary">
<arg>${username_textbox}</arg>
<arg>${username}</arg>
<doc>Types the given ``text`` into the text field identified by ``locator``.</doc>
<msg timestamp="20220324 16:10:29.597" level="INFO">Typing text 'locked_out_user' into text field '//input[@id="user-name"]'.</msg>
<status status="PASS" starttime="20220324 16:10:29.597" endtime="20220324 16:10:29.813"/>
</kw>
<status status="PASS" starttime="20220324 16:10:29.596" endtime="20220324 16:10:29.813"/>
</kw>
<kw name="Input Password" library="loginKeywords">
<arg>${passWord.invalid}</arg>
<kw name="Input Text" library="SeleniumLibrary">
<arg>${password_textbox}</arg>
<arg>${password}</arg>
<doc>Types the given ``text`` into the text field identified by ``locator``.</doc>
<msg timestamp="20220324 16:10:29.818" level="INFO">Typing text 'secretsauce' into text field '//input[@id="password"]'.</msg>
<status status="PASS" starttime="20220324 16:10:29.817" endtime="20220324 16:10:29.982"/>
</kw>
<status status="PASS" starttime="20220324 16:10:29.814" endtime="20220324 16:10:29.982"/>
</kw>
<kw name="Click Login Button" library="loginKeywords">
<kw name="Click Element" library="SeleniumLibrary">
<arg>${login_button}</arg>
<doc>Click the element identified by ``locator``.</doc>
<msg timestamp="20220324 16:10:29.984" level="INFO">Clicking element '//input[@id="login-button"]'.</msg>
<status status="PASS" starttime="20220324 16:10:29.983" endtime="20220324 16:10:30.067"/>
</kw>
<status status="PASS" starttime="20220324 16:10:29.983" endtime="20220324 16:10:30.067"/>
</kw>
<kw name="Show Error Not Found User Message" library="loginKeywords">
<kw name="Element Text Should Be" library="SeleniumLibrary">
<arg>${error_message}</arg>
<arg>Epic sadface: Username and password do not match any user in this service</arg>
<doc>Verifies that element ``locator`` contains exact the text ``expected``.</doc>
<msg timestamp="20220324 16:10:30.070" level="INFO">Verifying element '//div[@class="error-message-container error"]' contains exact text 'Epic sadface: Username and password do not match any user in this service'.</msg>
<status status="PASS" starttime="20220324 16:10:30.069" endtime="20220324 16:10:30.107"/>
</kw>
<status status="PASS" starttime="20220324 16:10:30.068" endtime="20220324 16:10:30.108"/>
</kw>
<kw name="Close Browser" library="SeleniumLibrary" type="TEARDOWN">
<doc>Closes the current browser.</doc>
<status status="PASS" starttime="20220324 16:10:30.109" endtime="20220324 16:10:32.332"/>
</kw>
<tag>Negative Test</tag>
<status status="PASS" starttime="20220324 16:10:27.283" endtime="20220324 16:10:32.332"/>
</test>
<test id="s1-t3" name="Login with invalid username and valid password">
<kw name="Open Browser Chrome" library="loginKeywords" type="SETUP">
<kw name="Open Browser" library="SeleniumLibrary">
<arg>browser=chrome</arg>
<doc>Opens a new browser instance to the optional ``url``.</doc>
<msg timestamp="20220324 16:10:32.332" level="INFO">Opening browser 'chrome' to base url 'None'.</msg>
<status status="PASS" starttime="20220324 16:10:32.332" endtime="20220324 16:10:33.846"/>
</kw>
<kw name="Maximize Browser Window" library="SeleniumLibrary">
<doc>Maximizes current browser window.</doc>
<status status="PASS" starttime="20220324 16:10:33.847" endtime="20220324 16:10:33.969"/>
</kw>
<status status="PASS" starttime="20220324 16:10:32.332" endtime="20220324 16:10:33.970"/>
</kw>
<kw name="Go To SwagLab Page" library="loginKeywords">
<kw name="Go To" library="SeleniumLibrary">
<arg>${login_url}</arg>
<doc>Navigates the current browser window to the provided ``url``.</doc>
<msg timestamp="20220324 16:10:33.972" level="INFO">Opening url 'https://saucedemo.com/'</msg>
<status status="PASS" starttime="20220324 16:10:33.971" endtime="20220324 16:10:35.013"/>
</kw>
<status status="PASS" starttime="20220324 16:10:33.970" endtime="20220324 16:10:35.013"/>
</kw>
<kw name="Input Username" library="loginKeywords">
<arg>${userName.invalid}</arg>
<kw name="Input Text" library="SeleniumLibrary">
<arg>${username_textbox}</arg>
<arg>${username}</arg>
<doc>Types the given ``text`` into the text field identified by ``locator``.</doc>
<msg timestamp="20220324 16:10:35.017" level="INFO">Typing text 'standarduser' into text field '//input[@id="user-name"]'.</msg>
<status status="PASS" starttime="20220324 16:10:35.016" endtime="20220324 16:10:35.178"/>
</kw>
<status status="PASS" starttime="20220324 16:10:35.014" endtime="20220324 16:10:35.179"/>
</kw>
<kw name="Input Password" library="loginKeywords">
<arg>${passWord.valid}</arg>
<kw name="Input Text" library="SeleniumLibrary">
<arg>${password_textbox}</arg>
<arg>${password}</arg>
<doc>Types the given ``text`` into the text field identified by ``locator``.</doc>
<msg timestamp="20220324 16:10:35.181" level="INFO">Typing text 'secret_sauce' into text field '//input[@id="password"]'.</msg>
<status status="PASS" starttime="20220324 16:10:35.181" endtime="20220324 16:10:35.352"/>
</kw>
<status status="PASS" starttime="20220324 16:10:35.179" endtime="20220324 16:10:35.352"/>
</kw>
<kw name="Click Login Button" library="loginKeywords">
<kw name="Click Element" library="SeleniumLibrary">
<arg>${login_button}</arg>
<doc>Click the element identified by ``locator``.</doc>
<msg timestamp="20220324 16:10:35.355" level="INFO">Clicking element '//input[@id="login-button"]'.</msg>
<status status="PASS" starttime="20220324 16:10:35.354" endtime="20220324 16:10:35.452"/>
</kw>
<status status="PASS" starttime="20220324 16:10:35.353" endtime="20220324 16:10:35.453"/>
</kw>
<kw name="Show Error Not Found User Message" library="loginKeywords">
<kw name="Element Text Should Be" library="SeleniumLibrary">
<arg>${error_message}</arg>
<arg>Epic sadface: Username and password do not match any user in this service</arg>
<doc>Verifies that element ``locator`` contains exact the text ``expected``.</doc>
<msg timestamp="20220324 16:10:35.455" level="INFO">Verifying element '//div[@class="error-message-container error"]' contains exact text 'Epic sadface: Username and password do not match any user in this service'.</msg>
<status status="PASS" starttime="20220324 16:10:35.454" endtime="20220324 16:10:35.494"/>
</kw>
<status status="PASS" starttime="20220324 16:10:35.454" endtime="20220324 16:10:35.494"/>
</kw>
<kw name="Close Browser" library="SeleniumLibrary" type="TEARDOWN">
<doc>Closes the current browser.</doc>
<status status="PASS" starttime="20220324 16:10:35.495" endtime="20220324 16:10:37.702"/>
</kw>
<tag>Negative Test</tag>
<status status="PASS" starttime="20220324 16:10:32.332" endtime="20220324 16:10:37.702"/>
</test>
<test id="s1-t4" name="Login without fill in username and password">
<kw name="Open Browser Chrome" library="loginKeywords" type="SETUP">
<kw name="Open Browser" library="SeleniumLibrary">
<arg>browser=chrome</arg>
<doc>Opens a new browser instance to the optional ``url``.</doc>
<msg timestamp="20220324 16:10:37.702" level="INFO">Opening browser 'chrome' to base url 'None'.</msg>
<status status="PASS" starttime="20220324 16:10:37.702" endtime="20220324 16:10:39.322"/>
</kw>
<kw name="Maximize Browser Window" library="SeleniumLibrary">
<doc>Maximizes current browser window.</doc>
<status status="PASS" starttime="20220324 16:10:39.322" endtime="20220324 16:10:39.453"/>
</kw>
<status status="PASS" starttime="20220324 16:10:37.702" endtime="20220324 16:10:39.453"/>
</kw>
<kw name="Go To SwagLab Page" library="loginKeywords">
<kw name="Go To" library="SeleniumLibrary">
<arg>${login_url}</arg>
<doc>Navigates the current browser window to the provided ``url``.</doc>
<msg timestamp="20220324 16:10:39.455" level="INFO">Opening url 'https://saucedemo.com/'</msg>
<status status="PASS" starttime="20220324 16:10:39.455" endtime="20220324 16:10:40.147"/>
</kw>
<status status="PASS" starttime="20220324 16:10:39.454" endtime="20220324 16:10:40.147"/>
</kw>
<kw name="Click Login Button" library="loginKeywords">
<kw name="Click Element" library="SeleniumLibrary">
<arg>${login_button}</arg>
<doc>Click the element identified by ``locator``.</doc>
<msg timestamp="20220324 16:10:40.150" level="INFO">Clicking element '//input[@id="login-button"]'.</msg>
<status status="PASS" starttime="20220324 16:10:40.149" endtime="20220324 16:10:40.247"/>
</kw>
<status status="PASS" starttime="20220324 16:10:40.148" endtime="20220324 16:10:40.248"/>
</kw>
<kw name="Show Error Username Message" library="loginKeywords">
<kw name="Element Text Should Be" library="SeleniumLibrary">
<arg>${error_message}</arg>
<arg>Epic sadface: Username is required</arg>
<doc>Verifies that element ``locator`` contains exact the text ``expected``.</doc>
<msg timestamp="20220324 16:10:40.251" level="INFO">Verifying element '//div[@class="error-message-container error"]' contains exact text 'Epic sadface: Username is required'.</msg>
<status status="PASS" starttime="20220324 16:10:40.250" endtime="20220324 16:10:40.307"/>
</kw>
<status status="PASS" starttime="20220324 16:10:40.249" endtime="20220324 16:10:40.308"/>
</kw>
<kw name="Close Browser" library="SeleniumLibrary" type="TEARDOWN">
<doc>Closes the current browser.</doc>
<status status="PASS" starttime="20220324 16:10:40.309" endtime="20220324 16:10:42.489"/>
</kw>
<tag>Negative Test</tag>
<status status="PASS" starttime="20220324 16:10:37.702" endtime="20220324 16:10:42.489"/>
</test>
<test id="s1-t5" name="Login with valid username but without password">
<kw name="Open Browser Chrome" library="loginKeywords" type="SETUP">
<kw name="Open Browser" library="SeleniumLibrary">
<arg>browser=chrome</arg>
<doc>Opens a new browser instance to the optional ``url``.</doc>
<msg timestamp="20220324 16:10:42.489" level="INFO">Opening browser 'chrome' to base url 'None'.</msg>
<status status="PASS" starttime="20220324 16:10:42.489" endtime="20220324 16:10:43.997"/>
</kw>
<kw name="Maximize Browser Window" library="SeleniumLibrary">
<doc>Maximizes current browser window.</doc>
<status status="PASS" starttime="20220324 16:10:43.997" endtime="20220324 16:10:44.124"/>
</kw>
<status status="PASS" starttime="20220324 16:10:42.489" endtime="20220324 16:10:44.125"/>
</kw>
<kw name="Go To SwagLab Page" library="loginKeywords">
<kw name="Go To" library="SeleniumLibrary">
<arg>${login_url}</arg>
<doc>Navigates the current browser window to the provided ``url``.</doc>
<msg timestamp="20220324 16:10:44.126" level="INFO">Opening url 'https://saucedemo.com/'</msg>
<status status="PASS" starttime="20220324 16:10:44.126" endtime="20220324 16:10:44.862"/>
</kw>
<status status="PASS" starttime="20220324 16:10:44.125" endtime="20220324 16:10:44.862"/>
</kw>
<kw name="Input Username" library="loginKeywords">
<arg>${userNames}[1]</arg>
<kw name="Input Text" library="SeleniumLibrary">
<arg>${username_textbox}</arg>
<arg>${username}</arg>
<doc>Types the given ``text`` into the text field identified by ``locator``.</doc>
<msg timestamp="20220324 16:10:44.865" level="INFO">Typing text 'locked_out_user' into text field '//input[@id="user-name"]'.</msg>
<status status="PASS" starttime="20220324 16:10:44.864" endtime="20220324 16:10:45.070"/>
</kw>
<status status="PASS" starttime="20220324 16:10:44.863" endtime="20220324 16:10:45.070"/>
</kw>
<kw name="Click Login Button" library="loginKeywords">
<kw name="Click Element" library="SeleniumLibrary">
<arg>${login_button}</arg>
<doc>Click the element identified by ``locator``.</doc>
<msg timestamp="20220324 16:10:45.072" level="INFO">Clicking element '//input[@id="login-button"]'.</msg>
<status status="PASS" starttime="20220324 16:10:45.071" endtime="20220324 16:10:45.169"/>
</kw>
<status status="PASS" starttime="20220324 16:10:45.071" endtime="20220324 16:10:45.170"/>
</kw>
<kw name="Show Error Password Message" library="loginKeywords">
<kw name="Element Text Should Be" library="SeleniumLibrary">
<arg>${error_message}</arg>
<arg>Epic sadface: Password is required</arg>
<doc>Verifies that element ``locator`` contains exact the text ``expected``.</doc>
<msg timestamp="20220324 16:10:45.172" level="INFO">Verifying element '//div[@class="error-message-container error"]' contains exact text 'Epic sadface: Password is required'.</msg>
<status status="PASS" starttime="20220324 16:10:45.171" endtime="20220324 16:10:45.209"/>
</kw>
<status status="PASS" starttime="20220324 16:10:45.170" endtime="20220324 16:10:45.209"/>
</kw>
<kw name="Close Browser" library="SeleniumLibrary" type="TEARDOWN">
<doc>Closes the current browser.</doc>
<status status="PASS" starttime="20220324 16:10:45.210" endtime="20220324 16:10:47.391"/>
</kw>
<tag>Negative Test</tag>
<status status="PASS" starttime="20220324 16:10:42.489" endtime="20220324 16:10:47.391"/>
</test>
<test id="s1-t6" name="Login without username but valid password">
<kw name="Open Browser Chrome" library="loginKeywords" type="SETUP">
<kw name="Open Browser" library="SeleniumLibrary">
<arg>browser=chrome</arg>
<doc>Opens a new browser instance to the optional ``url``.</doc>
<msg timestamp="20220324 16:10:47.391" level="INFO">Opening browser 'chrome' to base url 'None'.</msg>
<status status="PASS" starttime="20220324 16:10:47.391" endtime="20220324 16:10:48.962"/>
</kw>
<kw name="Maximize Browser Window" library="SeleniumLibrary">
<doc>Maximizes current browser window.</doc>
<status status="PASS" starttime="20220324 16:10:48.962" endtime="20220324 16:10:49.089"/>
</kw>
<status status="PASS" starttime="20220324 16:10:47.391" endtime="20220324 16:10:49.089"/>
</kw>
<kw name="Go To SwagLab Page" library="loginKeywords">
<kw name="Go To" library="SeleniumLibrary">
<arg>${login_url}</arg>
<doc>Navigates the current browser window to the provided ``url``.</doc>
<msg timestamp="20220324 16:10:49.091" level="INFO">Opening url 'https://saucedemo.com/'</msg>
<status status="PASS" starttime="20220324 16:10:49.090" endtime="20220324 16:10:49.836"/>
</kw>
<status status="PASS" starttime="20220324 16:10:49.090" endtime="20220324 16:10:49.836"/>
</kw>
<kw name="Input Password" library="loginKeywords">
<arg>${passWord.valid}</arg>
<kw name="Input Text" library="SeleniumLibrary">
<arg>${password_textbox}</arg>
<arg>${password}</arg>
<doc>Types the given ``text`` into the text field identified by ``locator``.</doc>
<msg timestamp="20220324 16:10:49.840" level="INFO">Typing text 'secret_sauce' into text field '//input[@id="password"]'.</msg>
<status status="PASS" starttime="20220324 16:10:49.839" endtime="20220324 16:10:50.024"/>
</kw>
<status status="PASS" starttime="20220324 16:10:49.837" endtime="20220324 16:10:50.025"/>
</kw>
<kw name="Click Login Button" library="loginKeywords">
<kw name="Click Element" library="SeleniumLibrary">
<arg>${login_button}</arg>
<doc>Click the element identified by ``locator``.</doc>
<msg timestamp="20220324 16:10:50.026" level="INFO">Clicking element '//input[@id="login-button"]'.</msg>
<status status="PASS" starttime="20220324 16:10:50.026" endtime="20220324 16:10:50.118"/>
</kw>
<status status="PASS" starttime="20220324 16:10:50.025" endtime="20220324 16:10:50.118"/>
</kw>
<kw name="Show Error Username Message" library="loginKeywords">
<kw name="Element Text Should Be" library="SeleniumLibrary">
<arg>${error_message}</arg>
<arg>Epic sadface: Username is required</arg>
<doc>Verifies that element ``locator`` contains exact the text ``expected``.</doc>
<msg timestamp="20220324 16:10:50.121" level="INFO">Verifying element '//div[@class="error-message-container error"]' contains exact text 'Epic sadface: Username is required'.</msg>
<status status="PASS" starttime="20220324 16:10:50.120" endtime="20220324 16:10:50.170"/>
</kw>
<status status="PASS" starttime="20220324 16:10:50.119" endtime="20220324 16:10:50.170"/>
</kw>
<kw name="Close Browser" library="SeleniumLibrary" type="TEARDOWN">
<doc>Closes the current browser.</doc>
<status status="PASS" starttime="20220324 16:10:50.171" endtime="20220324 16:10:52.359"/>
</kw>
<tag>Negative Test</tag>
<status status="PASS" starttime="20220324 16:10:47.391" endtime="20220324 16:10:52.359"/>
</test>
<test id="s1-t7" name="Login with locked_out_user and valid password">
<kw name="Open Browser Chrome" library="loginKeywords" type="SETUP">
<kw name="Open Browser" library="SeleniumLibrary">
<arg>browser=chrome</arg>
<doc>Opens a new browser instance to the optional ``url``.</doc>
<msg timestamp="20220324 16:10:52.359" level="INFO">Opening browser 'chrome' to base url 'None'.</msg>
<status status="PASS" starttime="20220324 16:10:52.359" endtime="20220324 16:10:53.960"/>
</kw>
<kw name="Maximize Browser Window" library="SeleniumLibrary">
<doc>Maximizes current browser window.</doc>
<status status="PASS" starttime="20220324 16:10:53.961" endtime="20220324 16:10:54.082"/>
</kw>
<status status="PASS" starttime="20220324 16:10:52.359" endtime="20220324 16:10:54.082"/>
</kw>
<kw name="Go To SwagLab Page" library="loginKeywords">
<kw name="Go To" library="SeleniumLibrary">
<arg>${login_url}</arg>
<doc>Navigates the current browser window to the provided ``url``.</doc>
<msg timestamp="20220324 16:10:54.082" level="INFO">Opening url 'https://saucedemo.com/'</msg>
<status status="PASS" starttime="20220324 16:10:54.082" endtime="20220324 16:10:55.102"/>
</kw>
<status status="PASS" starttime="20220324 16:10:54.082" endtime="20220324 16:10:55.102"/>
</kw>
<kw name="Input Username" library="loginKeywords">
<arg>${userNames}[1]</arg>
<kw name="Input Text" library="SeleniumLibrary">
<arg>${username_textbox}</arg>
<arg>${username}</arg>
<doc>Types the given ``text`` into the text field identified by ``locator``.</doc>
<msg timestamp="20220324 16:10:55.105" level="INFO">Typing text 'locked_out_user' into text field '//input[@id="user-name"]'.</msg>
<status status="PASS" starttime="20220324 16:10:55.104" endtime="20220324 16:10:55.307"/>
</kw>
<status status="PASS" starttime="20220324 16:10:55.103" endtime="20220324 16:10:55.307"/>
</kw>
<kw name="Input Password" library="loginKeywords">
<arg>${passWord.valid}</arg>
<kw name="Input Text" library="SeleniumLibrary">
<arg>${password_textbox}</arg>
<arg>${password}</arg>
<doc>Types the given ``text`` into the text field identified by ``locator``.</doc>
<msg timestamp="20220324 16:10:55.310" level="INFO">Typing text 'secret_sauce' into text field '//input[@id="password"]'.</msg>
<status status="PASS" starttime="20220324 16:10:55.310" endtime="20220324 16:10:55.470"/>
</kw>
<status status="PASS" starttime="20220324 16:10:55.308" endtime="20220324 16:10:55.470"/>
</kw>
<kw name="Click Login Button" library="loginKeywords">
<kw name="Click Element" library="SeleniumLibrary">
<arg>${login_button}</arg>
<doc>Click the element identified by ``locator``.</doc>
<msg timestamp="20220324 16:10:55.472" level="INFO">Clicking element '//input[@id="login-button"]'.</msg>
<status status="PASS" starttime="20220324 16:10:55.471" endtime="20220324 16:10:55.561"/>
</kw>
<status status="PASS" starttime="20220324 16:10:55.471" endtime="20220324 16:10:55.561"/>
</kw>
<kw name="Show Error Locked Out User Message" library="loginKeywords">
<kw name="Element Text Should Be" library="SeleniumLibrary">
<arg>${error_message}</arg>
<arg>Epic sadface: Sorry, this user has been locked out.</arg>
<doc>Verifies that element ``locator`` contains exact the text ``expected``.</doc>
<msg timestamp="20220324 16:10:55.563" level="INFO">Verifying element '//div[@class="error-message-container error"]' contains exact text 'Epic sadface: Sorry, this user has been locked out.'.</msg>
<status status="PASS" starttime="20220324 16:10:55.562" endtime="20220324 16:10:55.600"/>
</kw>
<status status="PASS" starttime="20220324 16:10:55.562" endtime="20220324 16:10:55.600"/>
</kw>
<kw name="Close Browser" library="SeleniumLibrary" type="TEARDOWN">
<doc>Closes the current browser.</doc>
<status status="PASS" starttime="20220324 16:10:55.600" endtime="20220324 16:10:57.795"/>
</kw>
<tag>Negative Test</tag>
<status status="PASS" starttime="20220324 16:10:52.359" endtime="20220324 16:10:57.795"/>
</test>
<test id="s1-t8" name="Login with valid username1 and valid password">
<kw name="Open Browser Chrome" library="loginKeywords" type="SETUP">
<kw name="Open Browser" library="SeleniumLibrary">
<arg>browser=chrome</arg>
<doc>Opens a new browser instance to the optional ``url``.</doc>
<msg timestamp="20220324 16:10:57.795" level="INFO">Opening browser 'chrome' to base url 'None'.</msg>
<status status="PASS" starttime="20220324 16:10:57.795" endtime="20220324 16:10:59.317"/>
</kw>
<kw name="Maximize Browser Window" library="SeleniumLibrary">
<doc>Maximizes current browser window.</doc>
<status status="PASS" starttime="20220324 16:10:59.317" endtime="20220324 16:10:59.454"/>
</kw>
<status status="PASS" starttime="20220324 16:10:57.795" endtime="20220324 16:10:59.455"/>
</kw>
<kw name="Go To SwagLab Page" library="loginKeywords">
<kw name="Go To" library="SeleniumLibrary">
<arg>${login_url}</arg>
<doc>Navigates the current browser window to the provided ``url``.</doc>
<msg timestamp="20220324 16:10:59.457" level="INFO">Opening url 'https://saucedemo.com/'</msg>
<status status="PASS" starttime="20220324 16:10:59.456" endtime="20220324 16:11:01.555"/>
</kw>
<status status="PASS" starttime="20220324 16:10:59.455" endtime="20220324 16:11:01.555"/>
</kw>
<kw name="Input Username" library="loginKeywords">
<arg>${userNames}[0]</arg>
<kw name="Input Text" library="SeleniumLibrary">
<arg>${username_textbox}</arg>
<arg>${username}</arg>
<doc>Types the given ``text`` into the text field identified by ``locator``.</doc>
<msg timestamp="20220324 16:11:01.558" level="INFO">Typing text 'standard_user' into text field '//input[@id="user-name"]'.</msg>
<status status="PASS" starttime="20220324 16:11:01.558" endtime="20220324 16:11:01.718"/>
</kw>
<status status="PASS" starttime="20220324 16:11:01.557" endtime="20220324 16:11:01.718"/>
</kw>
<kw name="Input Password" library="loginKeywords">
<arg>${passWord.valid}</arg>
<kw name="Input Text" library="SeleniumLibrary">
<arg>${password_textbox}</arg>
<arg>${password}</arg>
<doc>Types the given ``text`` into the text field identified by ``locator``.</doc>
<msg timestamp="20220324 16:11:01.723" level="INFO">Typing text 'secret_sauce' into text field '//input[@id="password"]'.</msg>
<status status="PASS" starttime="20220324 16:11:01.723" endtime="20220324 16:11:01.889"/>
</kw>
<status status="PASS" starttime="20220324 16:11:01.720" endtime="20220324 16:11:01.889"/>
</kw>
<kw name="Click Login Button" library="loginKeywords">
<kw name="Click Element" library="SeleniumLibrary">
<arg>${login_button}</arg>
<doc>Click the element identified by ``locator``.</doc>
<msg timestamp="20220324 16:11:01.892" level="INFO">Clicking element '//input[@id="login-button"]'.</msg>
<status status="PASS" starttime="20220324 16:11:01.891" endtime="20220324 16:11:02.059"/>
</kw>
<status status="PASS" starttime="20220324 16:11:01.890" endtime="20220324 16:11:02.060"/>
</kw>
<kw name="Show Dashboard" library="loginKeywords">
<kw name="Element Text Should Be" library="SeleniumLibrary">
<arg>${dashboard_check}</arg>
<arg>PRODUCTS</arg>
<doc>Verifies that element ``locator`` contains exact the text ``expected``.</doc>
<msg timestamp="20220324 16:11:02.062" level="INFO">Verifying element '//span[@class="title"]' contains exact text 'PRODUCTS'.</msg>
<status status="PASS" starttime="20220324 16:11:02.061" endtime="20220324 16:11:02.105"/>
</kw>
<status status="PASS" starttime="20220324 16:11:02.060" endtime="20220324 16:11:02.105"/>
</kw>
<kw name="Close Browser" library="SeleniumLibrary" type="TEARDOWN">
<doc>Closes the current browser.</doc>
<status status="PASS" starttime="20220324 16:11:02.106" endtime="20220324 16:11:04.311"/>
</kw>
<tag>Positive Test</tag>
<status status="PASS" starttime="20220324 16:10:57.795" endtime="20220324 16:11:04.311"/>
</test>
<test id="s1-t9" name="Login with valid username3 and valid password">
<kw name="Open Browser Chrome" library="loginKeywords" type="SETUP">
<kw name="Open Browser" library="SeleniumLibrary">
<arg>browser=chrome</arg>
<doc>Opens a new browser instance to the optional ``url``.</doc>
<msg timestamp="20220324 16:11:04.311" level="INFO">Opening browser 'chrome' to base url 'None'.</msg>
<status status="PASS" starttime="20220324 16:11:04.311" endtime="20220324 16:11:05.923"/>
</kw>
<kw name="Maximize Browser Window" library="SeleniumLibrary">
<doc>Maximizes current browser window.</doc>
<status status="PASS" starttime="20220324 16:11:05.924" endtime="20220324 16:11:06.062"/>
</kw>
<status status="PASS" starttime="20220324 16:11:04.311" endtime="20220324 16:11:06.062"/>
</kw>
<kw name="Go To SwagLab Page" library="loginKeywords">
<kw name="Go To" library="SeleniumLibrary">
<arg>${login_url}</arg>
<doc>Navigates the current browser window to the provided ``url``.</doc>
<msg timestamp="20220324 16:11:06.064" level="INFO">Opening url 'https://saucedemo.com/'</msg>
<status status="PASS" starttime="20220324 16:11:06.064" endtime="20220324 16:11:06.837"/>
</kw>
<status status="PASS" starttime="20220324 16:11:06.063" endtime="20220324 16:11:06.838"/>
</kw>
<kw name="Input Username" library="loginKeywords">
<arg>${userNames}[2]</arg>
<kw name="Input Text" library="SeleniumLibrary">
<arg>${username_textbox}</arg>
<arg>${username}</arg>
<doc>Types the given ``text`` into the text field identified by ``locator``.</doc>
<msg timestamp="20220324 16:11:06.841" level="INFO">Typing text 'problem_user' into text field '//input[@id="user-name"]'.</msg>
<status status="PASS" starttime="20220324 16:11:06.840" endtime="20220324 16:11:07.030"/>
</kw>
<status status="PASS" starttime="20220324 16:11:06.839" endtime="20220324 16:11:07.031"/>
</kw>
<kw name="Input Password" library="loginKeywords">
<arg>${passWord.valid}</arg>
<kw name="Input Text" library="SeleniumLibrary">
<arg>${password_textbox}</arg>
<arg>${password}</arg>
<doc>Types the given ``text`` into the text field identified by ``locator``.</doc>
<msg timestamp="20220324 16:11:07.034" level="INFO">Typing text 'secret_sauce' into text field '//input[@id="password"]'.</msg>
<status status="PASS" starttime="20220324 16:11:07.033" endtime="20220324 16:11:07.202"/>
</kw>
<status status="PASS" starttime="20220324 16:11:07.031" endtime="20220324 16:11:07.203"/>
</kw>
<kw name="Click Login Button" library="loginKeywords">
<kw name="Click Element" library="SeleniumLibrary">
<arg>${login_button}</arg>
<doc>Click the element identified by ``locator``.</doc>
<msg timestamp="20220324 16:11:07.209" level="INFO">Clicking element '//input[@id="login-button"]'.</msg>
<status status="PASS" starttime="20220324 16:11:07.209" endtime="20220324 16:11:07.366"/>
</kw>
<status status="PASS" starttime="20220324 16:11:07.208" endtime="20220324 16:11:07.367"/>
</kw>
<kw name="Show Dashboard" library="loginKeywords">
<kw name="Element Text Should Be" library="SeleniumLibrary">
<arg>${dashboard_check}</arg>
<arg>PRODUCTS</arg>
<doc>Verifies that element ``locator`` contains exact the text ``expected``.</doc>
<msg timestamp="20220324 16:11:07.369" level="INFO">Verifying element '//span[@class="title"]' contains exact text 'PRODUCTS'.</msg>
<status status="PASS" starttime="20220324 16:11:07.368" endtime="20220324 16:11:07.409"/>
</kw>
<status status="PASS" starttime="20220324 16:11:07.367" endtime="20220324 16:11:07.409"/>
</kw>
<kw name="Close Browser" library="SeleniumLibrary" type="TEARDOWN">
<doc>Closes the current browser.</doc>
<status status="PASS" starttime="20220324 16:11:07.410" endtime="20220324 16:11:09.639"/>
</kw>
<tag>Positive Test</tag>
<status status="PASS" starttime="20220324 16:11:04.311" endtime="20220324 16:11:09.639"/>
</test>
<test id="s1-t10" name="Login with valid username4 and valid password">
<kw name="Open Browser Chrome" library="loginKeywords" type="SETUP">
<kw name="Open Browser" library="SeleniumLibrary">
<arg>browser=chrome</arg>
<doc>Opens a new browser instance to the optional ``url``.</doc>
<msg timestamp="20220324 16:11:09.639" level="INFO">Opening browser 'chrome' to base url 'None'.</msg>
<status status="PASS" starttime="20220324 16:11:09.639" endtime="20220324 16:11:11.237"/>
</kw>
<kw name="Maximize Browser Window" library="SeleniumLibrary">
<doc>Maximizes current browser window.</doc>
<status status="PASS" starttime="20220324 16:11:11.238" endtime="20220324 16:11:11.365"/>
</kw>
<status status="PASS" starttime="20220324 16:11:09.639" endtime="20220324 16:11:11.365"/>
</kw>
<kw name="Go To SwagLab Page" library="loginKeywords">
<kw name="Go To" library="SeleniumLibrary">
<arg>${login_url}</arg>
<doc>Navigates the current browser window to the provided ``url``.</doc>
<msg timestamp="20220324 16:11:11.367" level="INFO">Opening url 'https://saucedemo.com/'</msg>
<status status="PASS" starttime="20220324 16:11:11.367" endtime="20220324 16:11:12.019"/>
</kw>
<status status="PASS" starttime="20220324 16:11:11.366" endtime="20220324 16:11:12.020"/>
</kw>
<kw name="Input Username" library="loginKeywords">
<arg>${userNames}[3]</arg>
<kw name="Input Text" library="SeleniumLibrary">
<arg>${username_textbox}</arg>
<arg>${username}</arg>
<doc>Types the given ``text`` into the text field identified by ``locator``.</doc>
<msg timestamp="20220324 16:11:12.023" level="INFO">Typing text 'performance_glitch_user' into text field '//input[@id="user-name"]'.</msg>
<status status="PASS" starttime="20220324 16:11:12.022" endtime="20220324 16:11:12.261"/>
</kw>
<status status="PASS" starttime="20220324 16:11:12.021" endtime="20220324 16:11:12.261"/>
</kw>
<kw name="Input Password" library="loginKeywords">
<arg>${passWord.valid}</arg>
<kw name="Input Text" library="SeleniumLibrary">
<arg>${password_textbox}</arg>
<arg>${password}</arg>
<doc>Types the given ``text`` into the text field identified by ``locator``.</doc>
<msg timestamp="20220324 16:11:12.264" level="INFO">Typing text 'secret_sauce' into text field '//input[@id="password"]'.</msg>
<status status="PASS" starttime="20220324 16:11:12.263" endtime="20220324 16:11:12.428"/>
</kw>
<status status="PASS" starttime="20220324 16:11:12.262" endtime="20220324 16:11:12.429"/>
</kw>
<kw name="Click Login Button" library="loginKeywords">
<kw name="Click Element" library="SeleniumLibrary">
<arg>${login_button}</arg>
<doc>Click the element identified by ``locator``.</doc>
<msg timestamp="20220324 16:11:12.430" level="INFO">Clicking element '//input[@id="login-button"]'.</msg>
<status status="PASS" starttime="20220324 16:11:12.430" endtime="20220324 16:11:17.606"/>
</kw>
<status status="PASS" starttime="20220324 16:11:12.429" endtime="20220324 16:11:17.606"/>
</kw>
<kw name="Show Dashboard" library="loginKeywords">
<kw name="Element Text Should Be" library="SeleniumLibrary">
<arg>${dashboard_check}</arg>
<arg>PRODUCTS</arg>
<doc>Verifies that element ``locator`` contains exact the text ``expected``.</doc>
<msg timestamp="20220324 16:11:17.609" level="INFO">Verifying element '//span[@class="title"]' contains exact text 'PRODUCTS'.</msg>
<status status="PASS" starttime="20220324 16:11:17.608" endtime="20220324 16:11:17.662"/>
</kw>
<status status="PASS" starttime="20220324 16:11:17.607" endtime="20220324 16:11:17.662"/>
</kw>
<kw name="Close Browser" library="SeleniumLibrary" type="TEARDOWN">
<doc>Closes the current browser.</doc>
<status status="PASS" starttime="20220324 16:11:17.663" endtime="20220324 16:11:19.860"/>
</kw>
<tag>Positive Test</tag>
<status status="PASS" starttime="20220324 16:11:09.639" endtime="20220324 16:11:19.860"/>
</test>
<doc>Login Page - Functional Test</doc>
<status status="PASS" starttime="20220324 16:10:21.569" endtime="20220324 16:11:19.860"/>
</suite>
<statistics>
<total>
<stat pass="10" fail="0" skip="0">All Tests</stat>
</total>
<tag>
<stat pass="7" fail="0" skip="0">Negative Test</stat>
<stat pass="3" fail="0" skip="0">Positive Test</stat>
</tag>
<suite>
<stat pass="10" fail="0" skip="0" id="s1" name="loginFeatureTest">loginFeatureTest</stat>
</suite>
</statistics>
<errors>
</errors>
</robot>
